<?xml version="1.0" encoding="UTF-8"?>
<!-- Generated by org.testng.reporters.JUnitReportReporter -->
<testsuite skipped="0" hostname="DVCINH6092005" name="Vaccination.UMANG.SLOT" tests="1" failures="0" timestamp="2021-07-05T16:54:42 IST" time="49.515" errors="0">
  <testcase name="Check_Slot" time="49.515" classname="Vaccination.UMANG.SLOT"/>
  <system-out/>
</testsuite> <!-- Vaccination.UMANG.SLOT -->
